<?xml version="1.0" encoding="UTF-8"?>
<!-- Generated by org.testng.reporters.JUnitXMLReporter -->
<testsuite ignored="0" hostname="DESKTOP-63Q7D3R" failures="0" tests="8" name="groupingtests" time="0.331" errors="0" timestamp="03 Aug 2024 07:05:19 GMT">
  <testcase classname="day08.GroupingDemo" name="loginByEmail" time="0.059"/>
  <testcase classname="day08.GroupingSignUp" name="signupByEmail" time="0.009"/>
  <testcase classname="day08.GroupingPayment" name="paymentinruppes" time="0.006"/>
  <testcase classname="day08.GroupingDemo" name="loginByFacebook" time="0.004"/>
  <testcase classname="day08.GroupingSignUp" name="signupByFacebook" time="0.006"/>
  <testcase classname="day08.GroupingPayment" name="paymentindollars" time="0.007"/>
  <testcase classname="day08.GroupingDemo" name="loginByTwitter" time="0.018"/>
  <testcase classname="day08.GroupingSignUp" name="signupBytwitter" time="0.012"/>
</testsuite> <!-- groupingtests -->
