<?xml version="1.0" encoding="UTF-8"?>
<!-- Generated by org.testng.reporters.JUnitXMLReporter -->
<testsuite ignored="0" hostname="DESKTOP-63Q7D3R" failures="3" tests="3" name="Test" time="0.223" errors="0" timestamp="05 Aug 2024 07:08:28 GMT">
  <testcase classname="testngconcepts.Parallel_Demo" name="testLogo" time="0.059">
    <failure type="java.lang.NullPointerException" message="Cannot invoke &amp;quot;org.openqa.selenium.WebDriver.findElement(org.openqa.selenium.By)&amp;quot; because &amp;quot;this.driver&amp;quot; is null">
      <![CDATA[java.lang.NullPointerException: Cannot invoke "org.openqa.selenium.WebDriver.findElement(org.openqa.selenium.By)" because "this.driver" is null
at testngconcepts.Parallel_Demo.testLogo(Parallel_Demo.java:59)
... Removed 23 stack frames]]>
    </failure>
  </testcase> <!-- testLogo -->
  <testcase classname="testngconcepts.Parallel_Demo" name="testtitle" time="0.006">
    <failure type="java.lang.NullPointerException" message="Cannot invoke &amp;quot;org.openqa.selenium.WebDriver.getTitle()&amp;quot; because &amp;quot;this.driver&amp;quot; is null">
      <![CDATA[java.lang.NullPointerException: Cannot invoke "org.openqa.selenium.WebDriver.getTitle()" because "this.driver" is null
at testngconcepts.Parallel_Demo.testtitle(Parallel_Demo.java:66)
... Removed 23 stack frames]]>
    </failure>
  </testcase> <!-- testtitle -->
  <testcase classname="testngconcepts.Parallel_Demo" name="testurl" time="0.005">
    <failure type="java.lang.NullPointerException" message="Cannot invoke &amp;quot;org.openqa.selenium.WebDriver.getCurrentUrl()&amp;quot; because &amp;quot;this.driver&amp;quot; is null">
      <![CDATA[java.lang.NullPointerException: Cannot invoke "org.openqa.selenium.WebDriver.getCurrentUrl()" because "this.driver" is null
at testngconcepts.Parallel_Demo.testurl(Parallel_Demo.java:73)
... Removed 23 stack frames]]>
    </failure>
  </testcase> <!-- testurl -->
</testsuite> <!-- Test -->
